2022-09-02 10:22:16.446  INFO 9004 --- [main] c.h.t.d.DataSnifferApplication           : Starting DataSnifferApplication using Java 18.0.1.1 on MenndrixxPc with PID 9004 (C:\Users\Mhidhi\Documents\dev_doc\data_sniffer\target\classes started by Mhidhi in C:\Users\Mhidhi\Documents\dev_doc\data_sniffer)
2022-09-02 10:22:16.453  INFO 9004 --- [main] c.h.t.d.DataSnifferApplication           : No active profile set, falling back to 1 default profile: "default"
2022-09-02 10:22:17.716  INFO 9004 --- [main] .s.d.r.c.RepositoryConfigurationDelegate : Bootstrapping Spring Data MongoDB repositories in DEFAULT mode.
2022-09-02 10:22:17.746  INFO 9004 --- [main] .s.d.r.c.RepositoryConfigurationDelegate : Finished Spring Data repository scanning in 18 ms. Found 0 MongoDB repository interfaces.
2022-09-02 10:22:19.188  INFO 9004 --- [main] o.s.b.w.embedded.tomcat.TomcatWebServer  : Tomcat initialized with port(s): 8091 (http)
2022-09-02 10:22:19.211  INFO 9004 --- [main] o.apache.catalina.core.StandardService   : Starting service [Tomcat]
2022-09-02 10:22:19.212  INFO 9004 --- [main] org.apache.catalina.core.StandardEngine  : Starting Servlet engine: [Apache Tomcat/9.0.65]
2022-09-02 10:22:19.421  INFO 9004 --- [main] o.a.c.c.C.[Tomcat].[localhost].[/]       : Initializing Spring embedded WebApplicationContext
2022-09-02 10:22:19.422  INFO 9004 --- [main] w.s.c.ServletWebServerApplicationContext : Root WebApplicationContext: initialization completed in 2819 ms
2022-09-02 10:22:19.853  INFO 9004 --- [main] org.mongodb.driver.client                : MongoClient with metadata {"driver": {"name": "mongo-java-driver|sync|spring-boot", "version": "4.6.1"}, "os": {"type": "Windows", "name": "Windows 8.1", "architecture": "amd64", "version": "6.3"}, "platform": "Java/Oracle Corporation/18.0.1.1+2-6"} created with settings MongoClientSettings{readPreference=primary, writeConcern=WriteConcern{w=null, wTimeout=null ms, journal=null}, retryWrites=true, retryReads=true, readConcern=ReadConcern{level=null}, credential=null, streamFactoryFactory=null, commandListeners=[], codecRegistry=ProvidersCodecRegistry{codecProviders=[ValueCodecProvider{}, BsonValueCodecProvider{}, DBRefCodecProvider{}, DBObjectCodecProvider{}, DocumentCodecProvider{}, IterableCodecProvider{}, MapCodecProvider{}, GeoJsonCodecProvider{}, GridFSFileCodecProvider{}, Jsr310CodecProvider{}, JsonObjectCodecProvider{}, BsonCodecProvider{}, EnumCodecProvider{}, com.mongodb.Jep395RecordCodecProvider@60b34931]}, clusterSettings={hosts=[localhost:27017], srvServiceName=mongodb, mode=SINGLE, requiredClusterType=UNKNOWN, requiredReplicaSetName='null', serverSelector='null', clusterListeners='[]', serverSelectionTimeout='30000 ms', localThreshold='30000 ms'}, socketSettings=SocketSettings{connectTimeoutMS=10000, readTimeoutMS=0, receiveBufferSize=0, sendBufferSize=0}, heartbeatSocketSettings=SocketSettings{connectTimeoutMS=10000, readTimeoutMS=10000, receiveBufferSize=0, sendBufferSize=0}, connectionPoolSettings=ConnectionPoolSettings{maxSize=100, minSize=0, maxWaitTimeMS=120000, maxConnectionLifeTimeMS=0, maxConnectionIdleTimeMS=0, maintenanceInitialDelayMS=0, maintenanceFrequencyMS=60000, connectionPoolListeners=[], maxConnecting=2}, serverSettings=ServerSettings{heartbeatFrequencyMS=10000, minHeartbeatFrequencyMS=500, serverListeners='[]', serverMonitorListeners='[]'}, sslSettings=SslSettings{enabled=false, invalidHostNameAllowed=false, context=null}, applicationName='null', compressorList=[], uuidRepresentation=JAVA_LEGACY, serverApi=null, autoEncryptionSettings=null, contextProvider=null}
2022-09-02 10:22:19.896  INFO 9004 --- [cluster-ClusterId{value='6311cb4b0840465810a52d20', description='null'}-localhost:27017] org.mongodb.driver.connection            : Opened connection [connectionId{localValue:1, serverValue:58}] to localhost:27017
2022-09-02 10:22:19.898  INFO 9004 --- [cluster-ClusterId{value='6311cb4b0840465810a52d20', description='null'}-localhost:27017] org.mongodb.driver.cluster               : Monitor thread successfully connected to server with description ServerDescription{address=localhost:27017, type=REPLICA_SET_PRIMARY, state=CONNECTED, ok=true, minWireVersion=0, maxWireVersion=3, maxDocumentSize=16777216, logicalSessionTimeoutMinutes=null, roundTripTimeNanos=42140877, setName='RS1', canonicalAddress=MenndrixxPc:27017, hosts=[MenndrixxPc:27019, MenndrixxPc:27018, MenndrixxPc:27017, MenndrixxPc:30000, MenndrixxPc:27020], passives=[], arbiters=[], primary='MenndrixxPc:27017', tagSet=TagSet{[]}, electionId=6311c8db9ee429ff3d29447a, setVersion=5, topologyVersion=null, lastWriteDate=null, lastUpdateTimeNanos=40831936226514}
2022-09-02 10:22:19.894  INFO 9004 --- [cluster-rtt-ClusterId{value='6311cb4b0840465810a52d20', description='null'}-localhost:27017] org.mongodb.driver.connection            : Opened connection [connectionId{localValue:2, serverValue:59}] to localhost:27017
2022-09-02 10:22:20.993  INFO 9004 --- [main] o.s.b.w.embedded.tomcat.TomcatWebServer  : Tomcat started on port(s): 8091 (http) with context path ''
2022-09-02 10:22:21.022  INFO 9004 --- [main] c.h.t.d.DataSnifferApplication           : Started DataSnifferApplication in 5.519 seconds (JVM running for 6.59)
2022-09-02 10:27:28.994  INFO 6220 --- [main] c.h.t.d.DataSnifferApplication           : Starting DataSnifferApplication using Java 18.0.1.1 on MenndrixxPc with PID 6220 (C:\Users\Mhidhi\Documents\dev_doc\data_sniffer\target\classes started by Mhidhi in C:\Users\Mhidhi\Documents\dev_doc\data_sniffer)
2022-09-02 10:27:29.006  INFO 6220 --- [main] c.h.t.d.DataSnifferApplication           : No active profile set, falling back to 1 default profile: "default"
2022-09-02 10:27:31.004  INFO 6220 --- [main] .s.d.r.c.RepositoryConfigurationDelegate : Bootstrapping Spring Data MongoDB repositories in DEFAULT mode.
2022-09-02 10:27:31.057  INFO 6220 --- [main] .s.d.r.c.RepositoryConfigurationDelegate : Finished Spring Data repository scanning in 20 ms. Found 0 MongoDB repository interfaces.
2022-09-02 10:27:33.437  INFO 6220 --- [main] o.s.b.w.embedded.tomcat.TomcatWebServer  : Tomcat initialized with port(s): 8091 (http)
2022-09-02 10:27:33.490  INFO 6220 --- [main] o.apache.catalina.core.StandardService   : Starting service [Tomcat]
2022-09-02 10:27:33.491  INFO 6220 --- [main] org.apache.catalina.core.StandardEngine  : Starting Servlet engine: [Apache Tomcat/9.0.65]
2022-09-02 10:27:34.140  INFO 6220 --- [main] o.a.c.c.C.[Tomcat].[localhost].[/]       : Initializing Spring embedded WebApplicationContext
2022-09-02 10:27:34.140  INFO 6220 --- [main] w.s.c.ServletWebServerApplicationContext : Root WebApplicationContext: initialization completed in 4889 ms
2022-09-02 10:27:35.209  INFO 6220 --- [main] org.mongodb.driver.client                : MongoClient with metadata {"driver": {"name": "mongo-java-driver|sync|spring-boot", "version": "4.6.1"}, "os": {"type": "Windows", "name": "Windows 8.1", "architecture": "amd64", "version": "6.3"}, "platform": "Java/Oracle Corporation/18.0.1.1+2-6"} created with settings MongoClientSettings{readPreference=primary, writeConcern=WriteConcern{w=null, wTimeout=null ms, journal=null}, retryWrites=true, retryReads=true, readConcern=ReadConcern{level=null}, credential=null, streamFactoryFactory=null, commandListeners=[], codecRegistry=ProvidersCodecRegistry{codecProviders=[ValueCodecProvider{}, BsonValueCodecProvider{}, DBRefCodecProvider{}, DBObjectCodecProvider{}, DocumentCodecProvider{}, IterableCodecProvider{}, MapCodecProvider{}, GeoJsonCodecProvider{}, GridFSFileCodecProvider{}, Jsr310CodecProvider{}, JsonObjectCodecProvider{}, BsonCodecProvider{}, EnumCodecProvider{}, com.mongodb.Jep395RecordCodecProvider@60b34931]}, clusterSettings={hosts=[localhost:27017], srvServiceName=mongodb, mode=SINGLE, requiredClusterType=UNKNOWN, requiredReplicaSetName='null', serverSelector='null', clusterListeners='[]', serverSelectionTimeout='30000 ms', localThreshold='30000 ms'}, socketSettings=SocketSettings{connectTimeoutMS=10000, readTimeoutMS=0, receiveBufferSize=0, sendBufferSize=0}, heartbeatSocketSettings=SocketSettings{connectTimeoutMS=10000, readTimeoutMS=10000, receiveBufferSize=0, sendBufferSize=0}, connectionPoolSettings=ConnectionPoolSettings{maxSize=100, minSize=0, maxWaitTimeMS=120000, maxConnectionLifeTimeMS=0, maxConnectionIdleTimeMS=0, maintenanceInitialDelayMS=0, maintenanceFrequencyMS=60000, connectionPoolListeners=[], maxConnecting=2}, serverSettings=ServerSettings{heartbeatFrequencyMS=10000, minHeartbeatFrequencyMS=500, serverListeners='[]', serverMonitorListeners='[]'}, sslSettings=SslSettings{enabled=false, invalidHostNameAllowed=false, context=null}, applicationName='null', compressorList=[], uuidRepresentation=JAVA_LEGACY, serverApi=null, autoEncryptionSettings=null, contextProvider=null}
2022-09-02 10:27:35.244  INFO 6220 --- [cluster-ClusterId{value='6311cc87bac1960afe8a9bca', description='null'}-localhost:27017] org.mongodb.driver.connection            : Opened connection [connectionId{localValue:2, serverValue:81}] to localhost:27017
2022-09-02 10:27:35.245  INFO 6220 --- [cluster-ClusterId{value='6311cc87bac1960afe8a9bca', description='null'}-localhost:27017] org.mongodb.driver.cluster               : Monitor thread successfully connected to server with description ServerDescription{address=localhost:27017, type=REPLICA_SET_PRIMARY, state=CONNECTED, ok=true, minWireVersion=0, maxWireVersion=3, maxDocumentSize=16777216, logicalSessionTimeoutMinutes=null, roundTripTimeNanos=76891425, setName='RS1', canonicalAddress=MenndrixxPc:27017, hosts=[MenndrixxPc:27019, MenndrixxPc:27018, MenndrixxPc:27017, MenndrixxPc:30000, MenndrixxPc:27020], passives=[], arbiters=[], primary='MenndrixxPc:27017', tagSet=TagSet{[]}, electionId=6311c8db9ee429ff3d29447a, setVersion=5, topologyVersion=null, lastWriteDate=null, lastUpdateTimeNanos=41147287067694}
2022-09-02 10:27:35.298  INFO 6220 --- [cluster-rtt-ClusterId{value='6311cc87bac1960afe8a9bca', description='null'}-localhost:27017] org.mongodb.driver.connection            : Opened connection [connectionId{localValue:1, serverValue:82}] to localhost:27017
2022-09-02 10:27:37.419  INFO 6220 --- [main] o.s.b.w.embedded.tomcat.TomcatWebServer  : Tomcat started on port(s): 8091 (http) with context path ''
2022-09-02 10:27:37.477  INFO 6220 --- [main] c.h.t.d.DataSnifferApplication           : Started DataSnifferApplication in 9.491 seconds (JVM running for 10.909)
2022-09-02 10:28:04.406  INFO 6220 --- [task-2] org.mongodb.driver.connection            : Opened connection [connectionId{localValue:4, serverValue:85}] to localhost:27017
2022-09-02 10:28:04.406  INFO 6220 --- [task-3] org.mongodb.driver.connection            : Opened connection [connectionId{localValue:3, serverValue:86}] to localhost:27017
2022-09-02 10:28:04.418  INFO 6220 --- [task-5] org.mongodb.driver.connection            : Opened connection [connectionId{localValue:5, serverValue:87}] to localhost:27017
2022-09-02 10:28:04.477  INFO 6220 --- [task-6] org.mongodb.driver.connection            : Opened connection [connectionId{localValue:6, serverValue:88}] to localhost:27017
2022-09-02 11:25:25.735  INFO 4936 --- [main] c.h.t.d.DataSnifferApplication           : Starting DataSnifferApplication using Java 18.0.1.1 on MenndrixxPc with PID 4936 (C:\Users\Mhidhi\Documents\dev_doc\data_sniffer\target\classes started by Mhidhi in C:\Users\Mhidhi\Documents\dev_doc\data_sniffer)
2022-09-02 11:25:25.765  INFO 4936 --- [main] c.h.t.d.DataSnifferApplication           : No active profile set, falling back to 1 default profile: "default"
2022-09-02 11:25:27.158  INFO 4936 --- [main] .s.d.r.c.RepositoryConfigurationDelegate : Bootstrapping Spring Data MongoDB repositories in DEFAULT mode.
2022-09-02 11:25:27.172  INFO 4936 --- [main] .s.d.r.c.RepositoryConfigurationDelegate : Finished Spring Data repository scanning in 7 ms. Found 0 MongoDB repository interfaces.
2022-09-02 11:25:28.413  INFO 4936 --- [main] o.s.b.w.embedded.tomcat.TomcatWebServer  : Tomcat initialized with port(s): 8091 (http)
2022-09-02 11:25:28.455  INFO 4936 --- [main] o.apache.catalina.core.StandardService   : Starting service [Tomcat]
2022-09-02 11:25:28.456  INFO 4936 --- [main] org.apache.catalina.core.StandardEngine  : Starting Servlet engine: [Apache Tomcat/9.0.65]
2022-09-02 11:25:28.748  INFO 4936 --- [main] o.a.c.c.C.[Tomcat].[localhost].[/]       : Initializing Spring embedded WebApplicationContext
2022-09-02 11:25:28.749  INFO 4936 --- [main] w.s.c.ServletWebServerApplicationContext : Root WebApplicationContext: initialization completed in 2712 ms
2022-09-02 11:25:29.131  INFO 4936 --- [main] org.mongodb.driver.client                : MongoClient with metadata {"driver": {"name": "mongo-java-driver|sync|spring-boot", "version": "4.6.1"}, "os": {"type": "Windows", "name": "Windows 8.1", "architecture": "amd64", "version": "6.3"}, "platform": "Java/Oracle Corporation/18.0.1.1+2-6"} created with settings MongoClientSettings{readPreference=primary, writeConcern=WriteConcern{w=null, wTimeout=null ms, journal=null}, retryWrites=true, retryReads=true, readConcern=ReadConcern{level=null}, credential=null, streamFactoryFactory=null, commandListeners=[], codecRegistry=ProvidersCodecRegistry{codecProviders=[ValueCodecProvider{}, BsonValueCodecProvider{}, DBRefCodecProvider{}, DBObjectCodecProvider{}, DocumentCodecProvider{}, IterableCodecProvider{}, MapCodecProvider{}, GeoJsonCodecProvider{}, GridFSFileCodecProvider{}, Jsr310CodecProvider{}, JsonObjectCodecProvider{}, BsonCodecProvider{}, EnumCodecProvider{}, com.mongodb.Jep395RecordCodecProvider@71c17a57]}, clusterSettings={hosts=[localhost:27017], srvServiceName=mongodb, mode=SINGLE, requiredClusterType=UNKNOWN, requiredReplicaSetName='null', serverSelector='null', clusterListeners='[]', serverSelectionTimeout='30000 ms', localThreshold='30000 ms'}, socketSettings=SocketSettings{connectTimeoutMS=10000, readTimeoutMS=0, receiveBufferSize=0, sendBufferSize=0}, heartbeatSocketSettings=SocketSettings{connectTimeoutMS=10000, readTimeoutMS=10000, receiveBufferSize=0, sendBufferSize=0}, connectionPoolSettings=ConnectionPoolSettings{maxSize=100, minSize=0, maxWaitTimeMS=120000, maxConnectionLifeTimeMS=0, maxConnectionIdleTimeMS=0, maintenanceInitialDelayMS=0, maintenanceFrequencyMS=60000, connectionPoolListeners=[], maxConnecting=2}, serverSettings=ServerSettings{heartbeatFrequencyMS=10000, minHeartbeatFrequencyMS=500, serverListeners='[]', serverMonitorListeners='[]'}, sslSettings=SslSettings{enabled=false, invalidHostNameAllowed=false, context=null}, applicationName='null', compressorList=[], uuidRepresentation=JAVA_LEGACY, serverApi=null, autoEncryptionSettings=null, contextProvider=null}
2022-09-02 11:25:29.170  INFO 4936 --- [cluster-rtt-ClusterId{value='6311da19c0988407a2210e24', description='null'}-localhost:27017] org.mongodb.driver.connection            : Opened connection [connectionId{localValue:1, serverValue:344}] to localhost:27017
2022-09-02 11:25:29.192  INFO 4936 --- [cluster-ClusterId{value='6311da19c0988407a2210e24', description='null'}-localhost:27017] org.mongodb.driver.connection            : Opened connection [connectionId{localValue:2, serverValue:345}] to localhost:27017
2022-09-02 11:25:29.204  INFO 4936 --- [cluster-ClusterId{value='6311da19c0988407a2210e24', description='null'}-localhost:27017] org.mongodb.driver.cluster               : Monitor thread successfully connected to server with description ServerDescription{address=localhost:27017, type=REPLICA_SET_PRIMARY, state=CONNECTED, ok=true, minWireVersion=0, maxWireVersion=3, maxDocumentSize=16777216, logicalSessionTimeoutMinutes=null, roundTripTimeNanos=53529849, setName='RS1', canonicalAddress=MenndrixxPc:27017, hosts=[MenndrixxPc:27019, MenndrixxPc:27018, MenndrixxPc:27017, MenndrixxPc:30000, MenndrixxPc:27020], passives=[], arbiters=[], primary='MenndrixxPc:27017', tagSet=TagSet{[]}, electionId=6311c8db9ee429ff3d29447a, setVersion=5, topologyVersion=null, lastWriteDate=null, lastUpdateTimeNanos=44621207042109}
2022-09-02 11:25:30.398  INFO 4936 --- [main] o.s.b.w.embedded.tomcat.TomcatWebServer  : Tomcat started on port(s): 8091 (http) with context path ''
2022-09-02 11:25:30.417  INFO 4936 --- [scheduling-1] c.h.t.d.service.TaskSheudeler            : ----Start extracting Data---
2022-09-02 11:25:30.423  INFO 4936 --- [main] c.h.t.d.DataSnifferApplication           : Started DataSnifferApplication in 5.909 seconds (JVM running for 7.829)
2022-09-02 11:25:30.451  INFO 4936 --- [task-6] c.h.t.data_sniffer.service.SniffThread   : ----Start sniffing from https://open.er-api.com/v6/latest/USD
2022-09-02 11:25:30.457  INFO 4936 --- [task-5] c.h.t.data_sniffer.service.SniffThread   : ----Start sniffing from https://cryptingup.com/api/markets
2022-09-02 11:25:30.459  INFO 4936 --- [task-4] c.h.t.data_sniffer.service.SniffThread   : ----Start sniffing from https://coinmap.org/api/v1/venues/
2022-09-02 11:25:30.459  INFO 4936 --- [task-1] c.h.t.data_sniffer.service.SniffThread   : ----Start sniffing from https://api2.binance.com/api/v3/ticker/24hr
2022-09-02 11:25:30.460  INFO 4936 --- [task-7] c.h.t.data_sniffer.service.SniffThread   : ----Start sniffing from https://www.reddit.com/r/Wallstreetbets/top.json?limit=10&t=day
2022-09-02 11:25:30.461  INFO 4936 --- [task-2] c.h.t.data_sniffer.service.SniffThread   : ----Start sniffing from https://api.coindesk.com/v1/bpi/currentprice.json
2022-09-02 11:25:30.462  INFO 4936 --- [task-3] c.h.t.data_sniffer.service.SniffThread   : ----Start sniffing from https://api.coingecko.com/api/v3/exchange_rates
2022-09-02 11:25:32.004 ERROR 4936 --- [task-7] c.h.t.data_sniffer.service.SniffThread   : Exception while extracting data 429 Too Many Requests: "{"message": "Too Many Requests", "error": 429}"url https://www.reddit.com/r/Wallstreetbets/top.json?limit=10&t=day
2022-09-02 11:25:32.014  INFO 4936 --- [task-6] org.mongodb.driver.connection            : Opened connection [connectionId{localValue:3, serverValue:346}] to localhost:27017
2022-09-02 11:25:32.034  INFO 4936 --- [task-3] org.mongodb.driver.connection            : Opened connection [connectionId{localValue:5, serverValue:348}] to localhost:27017
2022-09-02 11:25:32.034  INFO 4936 --- [task-2] org.mongodb.driver.connection            : Opened connection [connectionId{localValue:4, serverValue:347}] to localhost:27017
2022-09-02 11:25:32.067  INFO 4936 --- [task-2] c.h.t.data_sniffer.service.SniffThread   : ----data inserted with success https://api.coindesk.com/v1/bpi/currentprice.json
2022-09-02 11:25:32.067  INFO 4936 --- [task-6] c.h.t.data_sniffer.service.SniffThread   : ----data inserted with success https://open.er-api.com/v6/latest/USD
2022-09-02 11:25:32.100  INFO 4936 --- [task-3] c.h.t.data_sniffer.service.SniffThread   : ----data inserted with success https://api.coingecko.com/api/v3/exchange_rates
2022-09-02 11:25:32.543  INFO 4936 --- [task-5] c.h.t.data_sniffer.service.SniffThread   : ----data inserted with success https://cryptingup.com/api/markets
2022-09-02 11:25:34.566  INFO 4936 --- [task-1] c.h.t.data_sniffer.service.SniffThread   : ----data inserted with success https://api2.binance.com/api/v3/ticker/24hr
2022-09-02 11:25:44.470  INFO 4936 --- [task-4] c.h.t.data_sniffer.service.SniffThread   : ----data inserted with success https://coinmap.org/api/v1/venues/
